<?xml version="1.0" encoding="UTF-8"?>
<!-- Generated by org.testng.reporters.JUnitXMLReporter -->
<testsuite ignored="2" hostname="IND036" failures="0" tests="3" name="Default test" time="3.307" errors="0" timestamp="28 Aug 2019 05:12:40 GMT">
  <testcase classname="rest.rest.practice" name="createPlaceAPI" time="1.912"/>
  <testcase classname="rest.rest.practice" name="test003" time="0.181"/>
  <testcase classname="rest.rest.practice" name="test003" time="0.166"/>
  <testcase classname="rest.rest.practice" name="test004" time="0.0">
    <ignored/>
  </testcase> <!-- test004 -->
  <testcase classname="rest.rest.practice" name="test" time="0.0">
    <ignored/>
  </testcase> <!-- test -->
</testsuite> <!-- Default test -->
