<?xml version="1.0" encoding="UTF-8"?>
<!-- Generated by org.testng.reporters.JUnitXMLReporter -->
<testsuite ignored="1" hostname="IND036" failures="0" tests="5" name="Test" time="2.72" errors="0" timestamp="23 Aug 2019 07:42:33 GMT">
  <testcase classname="rest.rest.practice" name="createPlaceAPI" time="1.968"/>
  <testcase classname="rest.rest.practice" name="test003" time="0.227"/>
  <testcase classname="rest.rest.practice" name="test003" time="0.191"/>
  <testcase classname="rest.rest.practice" name="test004" time="0.153"/>
  <testcase classname="rest.rest.practice" name="test004" time="0.157"/>
  <testcase classname="rest.rest.practice" name="test" time="0.0">
    <ignored/>
  </testcase> <!-- test -->
</testsuite> <!-- Test -->
