<?xml version="1.0" encoding="UTF-8"?>
<!-- Generated by org.testng.reporters.JUnitXMLReporter -->
<testsuite ignored="1" hostname="IND036" failures="0" tests="5" name="Test" time="2.422" errors="0" timestamp="26 Aug 2019 12:30:27 GMT">
  <testcase classname="rest.rest.practice" name="createPlaceAPI" time="1.92"/>
  <testcase classname="rest.rest.practice" name="test003" time="0.131"/>
  <testcase classname="rest.rest.practice" name="test003" time="0.117"/>
  <testcase classname="rest.rest.practice" name="test004" time="0.1"/>
  <testcase classname="rest.rest.practice" name="test004" time="0.138"/>
  <testcase classname="rest.rest.practice" name="test" time="0.0">
    <ignored/>
  </testcase> <!-- test -->
</testsuite> <!-- Test -->
