<?xml version="1.0" encoding="UTF-8"?>
<testsuite xmlns:xsi="http://www.w3.org/2001/XMLSchema-instance" xsi:noNamespaceSchemaLocation="https://maven.apache.org/surefire/maven-surefire-plugin/xsd/surefire-test-report-3.0.xsd" version="3.0" name="TestSuite" time="3.276" tests="5" errors="0" skipped="0" failures="0">
  <properties>
[...]
</properties>
  <testcase name="createPlaceAPI" classname="rest.rest.practice" time="1.92"/>
  <testcase name="test003" classname="rest.rest.practice" time="0.131"/>
  <testcase name="test003" classname="rest.rest.practice" time="0.117"/>
  <testcase name="test004" classname="rest.rest.practice" time="0.1"/>
  <testcase name="test004" classname="rest.rest.practice" time="0.138"/>
</testsuite>